<?xml version="1.0" encoding="UTF-8"?>
<testsuite xmlns:xsi="http://www.w3.org/2001/XMLSchema-instance" xsi:noNamespaceSchemaLocation="https://maven.apache.org/surefire/maven-surefire-plugin/xsd/surefire-test-report-3.0.xsd" version="3.0" name="com.taskmanagement.controller.UserControllerTest" time="0.44" tests="6" errors="0" skipped="0" failures="0">
  <properties>
[...]
</properties>
  <testcase name="login_WithValidCredentials_ShouldReturnUser" classname="com.taskmanagement.controller.UserControllerTest" time="0.42">
    <system-err><![CDATA[WARNING: A Java agent has been loaded dynamically (/Users/namanjain/.m2/repository/net/bytebuddy/byte-buddy-agent/1.14.10/byte-buddy-agent-1.14.10.jar)
WARNING: If a serviceability tool is in use, please run with -XX:+EnableDynamicAgentLoading to hide this warning
WARNING: If a serviceability tool is not in use, please run with -Djdk.instrument.traceUsage for more information
WARNING: Dynamic loading of agents will be disallowed by default in a future release
]]></system-err>
  </testcase>
  <testcase name="getAllUsers_ShouldReturnUserList" classname="com.taskmanagement.controller.UserControllerTest" time="0.002"/>
  <testcase name="logout_ShouldClearCurrentUser" classname="com.taskmanagement.controller.UserControllerTest" time="0.001"/>
  <testcase name="register_ShouldCreateNewUser" classname="com.taskmanagement.controller.UserControllerTest" time="0.002"/>
  <testcase name="login_WithInvalidCredentials_ShouldThrowException" classname="com.taskmanagement.controller.UserControllerTest" time="0.001"/>
  <testcase name="getCurrentUser_WhenNoUserLoggedIn_ShouldThrowException" classname="com.taskmanagement.controller.UserControllerTest" time="0.001"/>
</testsuite>